<?xml version="1.0" encoding="UTF-8"?>
<testng-results skipped="0" failed="0" ignored="0" total="0" passed="0">
  <reporter-output>
  </reporter-output>
  <suite name="Suite" duration-ms="4" started-at="2017-12-11T16:14:34Z" finished-at="2017-12-11T16:14:34Z">
    <groups>
    </groups>
    <test name="TestGoogleChrome" duration-ms="4" started-at="2017-12-11T16:14:34Z" finished-at="2017-12-11T16:14:34Z">
    </test> <!-- TestGoogleChrome -->
    <test name="TestFireFox" duration-ms="4" started-at="2017-12-11T16:14:34Z" finished-at="2017-12-11T16:14:34Z">
    </test> <!-- TestFireFox -->
  </suite> <!-- Suite -->
</testng-results>
